<?xml version="1.0" encoding="UTF-8"?>
<!-- Generated by org.testng.reporters.JUnitReportReporter -->
<testsuite hostname="DESKTOP-SHIVAM" failures="0" tests="3" name="com.login.automation.tests.LoginTest" time="37.789" errors="0" timestamp="2025-05-21T22:24:00 IST" skipped="0">
  <testcase classname="com.login.automation.tests.LoginTest" name="testSuccessfulLogin" time="10.809"/>
  <testcase classname="com.login.automation.tests.LoginTest" name="testInvalidUsername" time="16.735"/>
  <testcase classname="com.login.automation.tests.LoginTest" name="testInvalidPassword" time="10.245"/>
</testsuite> <!-- com.login.automation.tests.LoginTest -->
